-------------------------------------------------------------------------------
Test set: com.tweetapp.TweetappApplicationTests
-------------------------------------------------------------------------------
Tests run: 1, Failures: 0, Errors: 1, Skipped: 0, Time elapsed: 0.739 s <<< FAILURE! - in com.tweetapp.TweetappApplicationTests
com.tweetapp.TweetappApplicationTests  Time elapsed: 0.736 s  <<< ERROR!
java.lang.IllegalStateException: Unable to find a @SpringBootConfiguration, you need to use @ContextConfiguration or @SpringBootTest(classes=...) with your test

